0 info it worked if it ends with ok
1 verbose cli [ '/home/toni/.nvm/versions/node/v5.10.1/bin/node',
1 verbose cli   '/home/toni/.nvm/versions/node/v5.10.1/bin/npm',
1 verbose cli   'version',
1 verbose cli   'patch' ]
2 info using npm@3.8.6
3 info using node@v5.10.1
4 info git [ 'status', '--porcelain' ]
5 verbose stack Error: Git working directory not clean.
5 verbose stack R  dist/react-minimial-components.js -> dist/react-minimal-components.js
5 verbose stack A  dist/react-minimal-components.min.js
5 verbose stack D  dist/react-minimial-components.min.js
5 verbose stack A  npm-debug.log
5 verbose stack M  src/index.js
5 verbose stack M  webpack.config.js
5 verbose stack M  webpack.config.min.js
5 verbose stack     at /home/toni/.nvm/versions/node/v5.10.1/lib/node_modules/npm/lib/version.js:246:19
5 verbose stack     at ChildProcess.exithandler (child_process.js:193:7)
5 verbose stack     at emitTwo (events.js:100:13)
5 verbose stack     at ChildProcess.emit (events.js:185:7)
5 verbose stack     at maybeClose (internal/child_process.js:850:16)
5 verbose stack     at Socket.<anonymous> (internal/child_process.js:323:11)
5 verbose stack     at emitOne (events.js:90:13)
5 verbose stack     at Socket.emit (events.js:182:7)
5 verbose stack     at Pipe._onclose (net.js:475:12)
6 verbose cwd /home/toni/projects/osing/react-minimal-components
7 error Linux 4.5.0-040500-generic
8 error argv "/home/toni/.nvm/versions/node/v5.10.1/bin/node" "/home/toni/.nvm/versions/node/v5.10.1/bin/npm" "version" "patch"
9 error node v5.10.1
10 error npm  v3.8.6
11 error Git working directory not clean.
11 error R  dist/react-minimial-components.js -> dist/react-minimal-components.js
11 error A  dist/react-minimal-components.min.js
11 error D  dist/react-minimial-components.min.js
11 error A  npm-debug.log
11 error M  src/index.js
11 error M  webpack.config.js
11 error M  webpack.config.min.js
12 error If you need help, you may report this error at:
12 error     <https://github.com/npm/npm/issues>
13 verbose exit [ 1, true ]
