0 info it worked if it ends with ok
1 verbose cli [ '/home/toni/.nvm/versions/node/v5.10.1/bin/node',
1 verbose cli   '/home/toni/.nvm/versions/node/v5.10.1/bin/npm',
1 verbose cli   'run',
1 verbose cli   'example' ]
2 info using npm@3.8.6
3 info using node@v5.10.1
4 verbose run-script [ 'preexample', 'example', 'postexample' ]
5 info lifecycle r-editable@0.1.0~preexample: r-editable@0.1.0
6 silly lifecycle r-editable@0.1.0~preexample: no script for preexample, continuing
7 info lifecycle r-editable@0.1.0~example: r-editable@0.1.0
8 verbose lifecycle r-editable@0.1.0~example: unsafe-perm in lifecycle true
9 verbose lifecycle r-editable@0.1.0~example: PATH: /home/toni/.nvm/versions/node/v5.10.1/lib/node_modules/npm/bin/node-gyp-bin:/home/toni/projects/osing/r-editable/node_modules/.bin:/home/toni/.nvm/versions/node/v5.10.1/bin:/home/toni/.nvm/versions/node/v5.10.1/bin:/home/toni/.rbenv/shims:/home/toni/.rbenv/bin:/home/toni/dotvim/voom:/usr/local/heroku/bin:/usr/local/sbin:/usr/local/bin:/usr/sbin:/usr/bin:/sbin:/bin:/usr/games:/usr/local/games:/home/toni/.rvm/bin
10 verbose lifecycle r-editable@0.1.0~example: CWD: /home/toni/projects/osing/r-editable
11 silly lifecycle r-editable@0.1.0~example: Args: [ '-c',
11 silly lifecycle   'node ./node_modules/webpack-dev-server/bin/webpack-dev-server.js --inline --hot --content-base example/ --config ./example/webpack.config.js' ]
12 silly lifecycle r-editable@0.1.0~example: Returned: code: 1  signal: null
13 info lifecycle r-editable@0.1.0~example: Failed to exec example script
14 verbose stack Error: r-editable@0.1.0 example: `node ./node_modules/webpack-dev-server/bin/webpack-dev-server.js --inline --hot --content-base example/ --config ./example/webpack.config.js`
14 verbose stack Exit status 1
14 verbose stack     at EventEmitter.<anonymous> (/home/toni/.nvm/versions/node/v5.10.1/lib/node_modules/npm/lib/utils/lifecycle.js:239:16)
14 verbose stack     at emitTwo (events.js:100:13)
14 verbose stack     at EventEmitter.emit (events.js:185:7)
14 verbose stack     at ChildProcess.<anonymous> (/home/toni/.nvm/versions/node/v5.10.1/lib/node_modules/npm/lib/utils/spawn.js:24:14)
14 verbose stack     at emitTwo (events.js:100:13)
14 verbose stack     at ChildProcess.emit (events.js:185:7)
14 verbose stack     at maybeClose (internal/child_process.js:850:16)
14 verbose stack     at Process.ChildProcess._handle.onexit (internal/child_process.js:215:5)
15 verbose pkgid r-editable@0.1.0
16 verbose cwd /home/toni/projects/osing/r-editable/example
17 error Linux 4.5.0-040500-generic
18 error argv "/home/toni/.nvm/versions/node/v5.10.1/bin/node" "/home/toni/.nvm/versions/node/v5.10.1/bin/npm" "run" "example"
19 error node v5.10.1
20 error npm  v3.8.6
21 error code ELIFECYCLE
22 error r-editable@0.1.0 example: `node ./node_modules/webpack-dev-server/bin/webpack-dev-server.js --inline --hot --content-base example/ --config ./example/webpack.config.js`
22 error Exit status 1
23 error Failed at the r-editable@0.1.0 example script 'node ./node_modules/webpack-dev-server/bin/webpack-dev-server.js --inline --hot --content-base example/ --config ./example/webpack.config.js'.
23 error Make sure you have the latest version of node.js and npm installed.
23 error If you do, this is most likely a problem with the r-editable package,
23 error not with npm itself.
23 error Tell the author that this fails on your system:
23 error     node ./node_modules/webpack-dev-server/bin/webpack-dev-server.js --inline --hot --content-base example/ --config ./example/webpack.config.js
23 error You can get information on how to open an issue for this project with:
23 error     npm bugs r-editable
23 error Or if that isn't available, you can get their info via:
23 error     npm owner ls r-editable
23 error There is likely additional logging output above.
24 verbose exit [ 1, true ]
